<?xml version="1.0" encoding="UTF-8"?>
<testng-results ignored="0" total="1" passed="1" failed="0" skipped="0">
  <reporter-output>
  </reporter-output>
  <suite started-at="2021-03-28T16:15:34 TRT" name="Surefire suite" finished-at="2021-03-28T16:15:34 TRT" duration-ms="92">
    <groups>
    </groups>
    <test started-at="2021-03-28T16:15:34 TRT" name="Surefire test" finished-at="2021-03-28T16:15:34 TRT" duration-ms="92">
      <class name="org.example.AppTest">
        <test-method signature="shouldAnswerWithTrue()" started-at="2021-03-28T16:15:34 TRT" name="shouldAnswerWithTrue" finished-at="2021-03-28T16:15:34 TRT" duration-ms="17" status="PASS">
          <reporter-output>
          </reporter-output>
        </test-method> <!-- shouldAnswerWithTrue -->
      </class> <!-- org.example.AppTest -->
    </test> <!-- Surefire test -->
  </suite> <!-- Surefire suite -->
</testng-results>
